<?xml version="1.0" encoding="UTF-8"?>
<!-- Generated by org.testng.reporters.JUnitReportReporter -->
<testsuite hostname="DESKTOP-AF67KGU" failures="0" tests="1" name="swag_lab_practice2.Swaglab_Sorting" time="0.164" errors="0" timestamp="2022-11-21T17:29:23 EET" skipped="0">
  <testcase classname="swag_lab_practice2.Swaglab_Sorting" name="njkf" time="0.164"/>
  <system-out/>
</testsuite> <!-- swag_lab_practice2.Swaglab_Sorting -->
